<?xml version="1.0" encoding="UTF-8"?>
<!-- Generated by org.testng.reporters.JUnitXMLReporter -->
<testsuite hostname="LAPTOP-GBP339N5" failures="1" tests="1" name="Surefire test" time="9.111" errors="0" timestamp="17 Oct 2021 08:21:15 GMT">
  <testcase classname="com.bsafe.AutoCalcAppTest" name="testCalcMultiplication" time="1.393">
    <failure type="java.lang.AssertionError" message="expected [true] but found [false]">
      <![CDATA[java.lang.AssertionError: expected [true] but found [false]
	at com.bsafe.AutoCalcAppTest.testCalcMultiplication(AutoCalcAppTest.java:39)
... Removed 33 stack frames]]>
    </failure>
  </testcase> <!-- testCalcMultiplication -->
</testsuite> <!-- Surefire test -->
